G75*
%MOIN*%
%OFA0B0*%
%FSLAX24Y24*%
%IPPOS*%
%LPD*%
%AMOC8*
5,1,8,0,0,1.08239X$1,22.5*
%
%ADD10C,0.0000*%
D10*
X033094Y028767D02*
X033090Y049633D01*
X066948Y049633D01*
X066948Y028767D01*
X033094Y028767D01*
X033468Y029555D02*
X033470Y029595D01*
X033476Y029636D01*
X033486Y029675D01*
X033499Y029713D01*
X033517Y029750D01*
X033538Y029784D01*
X033562Y029817D01*
X033589Y029847D01*
X033619Y029874D01*
X033652Y029898D01*
X033686Y029919D01*
X033723Y029937D01*
X033761Y029950D01*
X033800Y029960D01*
X033841Y029966D01*
X033881Y029968D01*
X033921Y029966D01*
X033962Y029960D01*
X034001Y029950D01*
X034039Y029937D01*
X034076Y029919D01*
X034110Y029898D01*
X034143Y029874D01*
X034173Y029847D01*
X034200Y029817D01*
X034224Y029784D01*
X034245Y029750D01*
X034263Y029713D01*
X034276Y029675D01*
X034286Y029636D01*
X034292Y029595D01*
X034294Y029555D01*
X034292Y029515D01*
X034286Y029474D01*
X034276Y029435D01*
X034263Y029397D01*
X034245Y029360D01*
X034224Y029326D01*
X034200Y029293D01*
X034173Y029263D01*
X034143Y029236D01*
X034110Y029212D01*
X034076Y029191D01*
X034039Y029173D01*
X034001Y029160D01*
X033962Y029150D01*
X033921Y029144D01*
X033881Y029142D01*
X033841Y029144D01*
X033800Y029150D01*
X033761Y029160D01*
X033723Y029173D01*
X033686Y029191D01*
X033652Y029212D01*
X033619Y029236D01*
X033589Y029263D01*
X033562Y029293D01*
X033538Y029326D01*
X033517Y029360D01*
X033499Y029397D01*
X033486Y029435D01*
X033476Y029474D01*
X033470Y029515D01*
X033468Y029555D01*
X033464Y048827D02*
X033466Y048867D01*
X033472Y048908D01*
X033482Y048947D01*
X033495Y048985D01*
X033513Y049022D01*
X033534Y049056D01*
X033558Y049089D01*
X033585Y049119D01*
X033615Y049146D01*
X033648Y049170D01*
X033682Y049191D01*
X033719Y049209D01*
X033757Y049222D01*
X033796Y049232D01*
X033837Y049238D01*
X033877Y049240D01*
X033917Y049238D01*
X033958Y049232D01*
X033997Y049222D01*
X034035Y049209D01*
X034072Y049191D01*
X034106Y049170D01*
X034139Y049146D01*
X034169Y049119D01*
X034196Y049089D01*
X034220Y049056D01*
X034241Y049022D01*
X034259Y048985D01*
X034272Y048947D01*
X034282Y048908D01*
X034288Y048867D01*
X034290Y048827D01*
X034288Y048787D01*
X034282Y048746D01*
X034272Y048707D01*
X034259Y048669D01*
X034241Y048632D01*
X034220Y048598D01*
X034196Y048565D01*
X034169Y048535D01*
X034139Y048508D01*
X034106Y048484D01*
X034072Y048463D01*
X034035Y048445D01*
X033997Y048432D01*
X033958Y048422D01*
X033917Y048416D01*
X033877Y048414D01*
X033837Y048416D01*
X033796Y048422D01*
X033757Y048432D01*
X033719Y048445D01*
X033682Y048463D01*
X033648Y048484D01*
X033615Y048508D01*
X033585Y048535D01*
X033558Y048565D01*
X033534Y048598D01*
X033513Y048632D01*
X033495Y048669D01*
X033482Y048707D01*
X033472Y048746D01*
X033466Y048787D01*
X033464Y048827D01*
X061472Y046608D02*
X061474Y046629D01*
X061480Y046649D01*
X061489Y046669D01*
X061501Y046686D01*
X061516Y046700D01*
X061534Y046712D01*
X061554Y046720D01*
X061574Y046725D01*
X061595Y046726D01*
X061616Y046723D01*
X061636Y046717D01*
X061655Y046706D01*
X061672Y046693D01*
X061685Y046677D01*
X061696Y046659D01*
X061704Y046639D01*
X061708Y046619D01*
X061708Y046597D01*
X061704Y046577D01*
X061696Y046557D01*
X061685Y046539D01*
X061672Y046523D01*
X061655Y046510D01*
X061636Y046499D01*
X061616Y046493D01*
X061595Y046490D01*
X061574Y046491D01*
X061554Y046496D01*
X061534Y046504D01*
X061516Y046516D01*
X061501Y046530D01*
X061489Y046547D01*
X061480Y046567D01*
X061474Y046587D01*
X061472Y046608D01*
X065472Y046608D02*
X065474Y046629D01*
X065480Y046649D01*
X065489Y046669D01*
X065501Y046686D01*
X065516Y046700D01*
X065534Y046712D01*
X065554Y046720D01*
X065574Y046725D01*
X065595Y046726D01*
X065616Y046723D01*
X065636Y046717D01*
X065655Y046706D01*
X065672Y046693D01*
X065685Y046677D01*
X065696Y046659D01*
X065704Y046639D01*
X065708Y046619D01*
X065708Y046597D01*
X065704Y046577D01*
X065696Y046557D01*
X065685Y046539D01*
X065672Y046523D01*
X065655Y046510D01*
X065636Y046499D01*
X065616Y046493D01*
X065595Y046490D01*
X065574Y046491D01*
X065554Y046496D01*
X065534Y046504D01*
X065516Y046516D01*
X065501Y046530D01*
X065489Y046547D01*
X065480Y046567D01*
X065474Y046587D01*
X065472Y046608D01*
X065748Y048827D02*
X065750Y048867D01*
X065756Y048908D01*
X065766Y048947D01*
X065779Y048985D01*
X065797Y049022D01*
X065818Y049056D01*
X065842Y049089D01*
X065869Y049119D01*
X065899Y049146D01*
X065932Y049170D01*
X065966Y049191D01*
X066003Y049209D01*
X066041Y049222D01*
X066080Y049232D01*
X066121Y049238D01*
X066161Y049240D01*
X066201Y049238D01*
X066242Y049232D01*
X066281Y049222D01*
X066319Y049209D01*
X066356Y049191D01*
X066390Y049170D01*
X066423Y049146D01*
X066453Y049119D01*
X066480Y049089D01*
X066504Y049056D01*
X066525Y049022D01*
X066543Y048985D01*
X066556Y048947D01*
X066566Y048908D01*
X066572Y048867D01*
X066574Y048827D01*
X066572Y048787D01*
X066566Y048746D01*
X066556Y048707D01*
X066543Y048669D01*
X066525Y048632D01*
X066504Y048598D01*
X066480Y048565D01*
X066453Y048535D01*
X066423Y048508D01*
X066390Y048484D01*
X066356Y048463D01*
X066319Y048445D01*
X066281Y048432D01*
X066242Y048422D01*
X066201Y048416D01*
X066161Y048414D01*
X066121Y048416D01*
X066080Y048422D01*
X066041Y048432D01*
X066003Y048445D01*
X065966Y048463D01*
X065932Y048484D01*
X065899Y048508D01*
X065869Y048535D01*
X065842Y048565D01*
X065818Y048598D01*
X065797Y048632D01*
X065779Y048669D01*
X065766Y048707D01*
X065756Y048746D01*
X065750Y048787D01*
X065748Y048827D01*
X065748Y029555D02*
X065750Y029595D01*
X065756Y029636D01*
X065766Y029675D01*
X065779Y029713D01*
X065797Y029750D01*
X065818Y029784D01*
X065842Y029817D01*
X065869Y029847D01*
X065899Y029874D01*
X065932Y029898D01*
X065966Y029919D01*
X066003Y029937D01*
X066041Y029950D01*
X066080Y029960D01*
X066121Y029966D01*
X066161Y029968D01*
X066201Y029966D01*
X066242Y029960D01*
X066281Y029950D01*
X066319Y029937D01*
X066356Y029919D01*
X066390Y029898D01*
X066423Y029874D01*
X066453Y029847D01*
X066480Y029817D01*
X066504Y029784D01*
X066525Y029750D01*
X066543Y029713D01*
X066556Y029675D01*
X066566Y029636D01*
X066572Y029595D01*
X066574Y029555D01*
X066572Y029515D01*
X066566Y029474D01*
X066556Y029435D01*
X066543Y029397D01*
X066525Y029360D01*
X066504Y029326D01*
X066480Y029293D01*
X066453Y029263D01*
X066423Y029236D01*
X066390Y029212D01*
X066356Y029191D01*
X066319Y029173D01*
X066281Y029160D01*
X066242Y029150D01*
X066201Y029144D01*
X066161Y029142D01*
X066121Y029144D01*
X066080Y029150D01*
X066041Y029160D01*
X066003Y029173D01*
X065966Y029191D01*
X065932Y029212D01*
X065899Y029236D01*
X065869Y029263D01*
X065842Y029293D01*
X065818Y029326D01*
X065797Y029360D01*
X065779Y029397D01*
X065766Y029435D01*
X065756Y029474D01*
X065750Y029515D01*
X065748Y029555D01*
M02*
